0 info it worked if it ends with ok
1 verbose cli [ 'node', '/usr/local/bin/npm', 'install', 'wenire' ]
2 info using npm@1.4.28
3 info using node@v0.10.35
4 warn package.json geoapp@0.0.0 No description
5 warn package.json geoapp@0.0.0 No repository field.
6 warn package.json geoapp@0.0.0 No README data
7 verbose readDependencies using package.json deps
8 verbose cache add [ 'wenire', null ]
9 verbose cache add name=undefined spec="wenire" args=["wenire",null]
10 verbose parsed url { protocol: null,
10 verbose parsed url   slashes: null,
10 verbose parsed url   auth: null,
10 verbose parsed url   host: null,
10 verbose parsed url   port: null,
10 verbose parsed url   hostname: null,
10 verbose parsed url   hash: null,
10 verbose parsed url   search: null,
10 verbose parsed url   query: null,
10 verbose parsed url   pathname: 'wenire',
10 verbose parsed url   path: 'wenire',
10 verbose parsed url   href: 'wenire' }
11 silly lockFile 6d2fe11f-wenire wenire
12 verbose lock wenire /Users/mikegriffin/.npm/6d2fe11f-wenire.lock
13 silly lockFile 6d2fe11f-wenire wenire
14 silly lockFile 6d2fe11f-wenire wenire
15 verbose addNamed [ 'wenire', '' ]
16 verbose addNamed [ null, '*' ]
17 silly lockFile 63909304-wenire wenire@
18 verbose lock wenire@ /Users/mikegriffin/.npm/63909304-wenire.lock
19 silly addNameRange { name: 'wenire', range: '*', hasData: false }
20 verbose request where is /wenire
21 verbose request registry https://registry.npmjs.org/
22 verbose request id 78e31dbf41530d60
23 verbose url raw /wenire
24 verbose url resolving [ 'https://registry.npmjs.org/', './wenire' ]
25 verbose url resolved https://registry.npmjs.org/wenire
26 verbose request where is https://registry.npmjs.org/wenire
27 info trying registry request attempt 1 at 13:33:52
28 http GET https://registry.npmjs.org/wenire
29 http 404 https://registry.npmjs.org/wenire
30 silly registry.get cb [ 404,
30 silly registry.get   { 'content-type': 'application/json',
30 silly registry.get     'cache-control': 'max-age=0',
30 silly registry.get     'content-length': '2',
30 silly registry.get     'accept-ranges': 'bytes',
30 silly registry.get     date: 'Sun, 01 Nov 2015 13:33:05 GMT',
30 silly registry.get     via: '1.1 varnish',
30 silly registry.get     age: '0',
30 silly registry.get     connection: 'keep-alive',
30 silly registry.get     'x-served-by': 'cache-lhr6322-LHR',
30 silly registry.get     'x-cache': 'MISS',
30 silly registry.get     'x-cache-hits': '0',
30 silly registry.get     'x-timer': 'S1446384784.983628,VS0,VE362' } ]
31 silly lockFile 63909304-wenire wenire@
32 silly lockFile 63909304-wenire wenire@
33 error 404 Not Found
33 error 404
33 error 404 'wenire' is not in the npm registry.
33 error 404 You should bug the author to publish it
33 error 404 It was specified as a dependency of 'geoapp'
33 error 404
33 error 404 Note that you can also install from a
33 error 404 tarball, folder, or http url, or git url.
34 error System Darwin 14.3.0
35 error command "node" "/usr/local/bin/npm" "install" "wenire"
36 error cwd /Applications/XAMPP/xamppfiles/htdocs/phonegap/geolocation
37 error node -v v0.10.35
38 error npm -v 1.4.28
39 error code E404
40 verbose exit [ 1, true ]
